<?xml version="1.0" encoding="UTF-8"?>
<testsuite xmlns:xsi="http://www.w3.org/2001/XMLSchema-instance" xsi:noNamespaceSchemaLocation="https://maven.apache.org/surefire/maven-surefire-plugin/xsd/surefire-test-report-3.0.xsd" version="3.0" name="org.deti.ua.pt.CucumberTest" time="0.141" tests="5" errors="0" skipped="0" failures="0">
  <properties>
[...]
</properties>
  <testcase name="Book Search - Add a new book" classname="Book Search" time="0.056">
    <system-out><![CDATA[
Scenario: Add a new book                                                              &amp#27;[90m# org/deti/ua/pt/books.feature:19&amp#27;[0m
  &amp#27;[32mGiven &amp#27;[0m&amp#27;[32mthe following were added to the library:&amp#27;[0m                                      &amp#27;[90m# org.deti.ua.pt.LibrarySteps.the_following_books_were_added(io.cucumber.datatable.DataTable)&amp#27;[0m
    | title                  | author              | published  |
    | The Hobbit             | J.R.R. Tolkien      | 1937-09-21 |
    | The Silmarillion       | J.R.R. Tolkien      | 1977-09-15 |
    | 1984                   | George Orwell       | 1949-06-08 |
    | Brave New World        | Aldous Huxley       | 1932-08-31 |
    | Fahrenheit 451         | Ray Bradbury        | 1953-10-19 |
    | The Catcher in the Rye | J.D. Salinger       | 1951-07-16 |
    | Animal Farm            | George Orwell       | 1945-08-17 |
    | The Great Gatsby       | F. Scott Fitzgerald | 1925-04-10 |
    | To Kill a Mockingbird  | Harper Lee          | 1960-07-11 |
    | Moby-Dick              | Herman Melville     | 1851-11-14 |
    | Pride and Prejudice    | Jane Austen         | 1813-01-28 |
    | 1984 Redux             | George Orwell       | 2020-11-05 |
  &amp#27;[32mGiven &amp#27;[0m&amp#27;[32ma book with the title &amp#27;[0m&amp#27;[32m&amp#27;[1m"TQS"&amp#27;[0m&amp#27;[32m, written by &amp#27;[0m&amp#27;[32m&amp#27;[1m"bitcoder"&amp#27;[0m&amp#27;[32m, published in &amp#27;[0m&amp#27;[32m&amp#27;[1m"2025-03-14"&amp#27;[0m &amp#27;[90m# org.deti.ua.pt.LibrarySteps.addNewBook(java.lang.String,java.lang.String,java.lang.String)&amp#27;[0m
  &amp#27;[32mWhen &amp#27;[0m&amp#27;[32mthe customer searches for books by title &amp#27;[0m&amp#27;[32m&amp#27;[1m"TQS"&amp#27;[0m                                 &amp#27;[90m# org.deti.ua.pt.LibrarySteps.the_customer_searches_for_books_by_title(java.lang.String)&amp#27;[0m
  &amp#27;[32mThen &amp#27;[0m&amp#27;[32mthe following books should be found:&amp#27;[0m                                           &amp#27;[90m# org.deti.ua.pt.LibrarySteps.the_following_books_should_be_found(io.cucumber.datatable.DataTable)&amp#27;[0m
    | title | published  |
    | TQS   | 2025-03-14 |
]]></system-out>
  </testcase>
  <testcase name="Book Search - Find books by author" classname="Book Search" time="0.008">
    <system-out><![CDATA[
Scenario: Find books by author                                   &amp#27;[90m# org/deti/ua/pt/books.feature:26&amp#27;[0m
  &amp#27;[32mGiven &amp#27;[0m&amp#27;[32mthe following were added to the library:&amp#27;[0m                 &amp#27;[90m# org.deti.ua.pt.LibrarySteps.the_following_books_were_added(io.cucumber.datatable.DataTable)&amp#27;[0m
    | title                  | author              | published  |
    | The Hobbit             | J.R.R. Tolkien      | 1937-09-21 |
    | The Silmarillion       | J.R.R. Tolkien      | 1977-09-15 |
    | 1984                   | George Orwell       | 1949-06-08 |
    | Brave New World        | Aldous Huxley       | 1932-08-31 |
    | Fahrenheit 451         | Ray Bradbury        | 1953-10-19 |
    | The Catcher in the Rye | J.D. Salinger       | 1951-07-16 |
    | Animal Farm            | George Orwell       | 1945-08-17 |
    | The Great Gatsby       | F. Scott Fitzgerald | 1925-04-10 |
    | To Kill a Mockingbird  | Harper Lee          | 1960-07-11 |
    | Moby-Dick              | Herman Melville     | 1851-11-14 |
    | Pride and Prejudice    | Jane Austen         | 1813-01-28 |
    | 1984 Redux             | George Orwell       | 2020-11-05 |
  &amp#27;[32mWhen &amp#27;[0m&amp#27;[32mthe customer searches for books by author &amp#27;[0m&amp#27;[32m&amp#27;[1m"George Orwell"&amp#27;[0m &amp#27;[90m# org.deti.ua.pt.LibrarySteps.the_customer_searches_for_books_by_author(java.lang.String)&amp#27;[0m
  &amp#27;[32mThen &amp#27;[0m&amp#27;[32mthe following books should be found:&amp#27;[0m                      &amp#27;[90m# org.deti.ua.pt.LibrarySteps.the_following_books_should_be_found(io.cucumber.datatable.DataTable)&amp#27;[0m
    | title       | published  |
    | 1984        | 1949-06-08 |
    | Animal Farm | 1945-08-17 |
    | 1984 Redux  | 2020-11-05 |
]]></system-out>
  </testcase>
  <testcase name="Book Search - Find books by title" classname="Book Search" time="0.006">
    <system-out><![CDATA[
Scenario: Find books by title                          &amp#27;[90m# org/deti/ua/pt/books.feature:34&amp#27;[0m
  &amp#27;[32mGiven &amp#27;[0m&amp#27;[32mthe following were added to the library:&amp#27;[0m       &amp#27;[90m# org.deti.ua.pt.LibrarySteps.the_following_books_were_added(io.cucumber.datatable.DataTable)&amp#27;[0m
    | title                  | author              | published  |
    | The Hobbit             | J.R.R. Tolkien      | 1937-09-21 |
    | The Silmarillion       | J.R.R. Tolkien      | 1977-09-15 |
    | 1984                   | George Orwell       | 1949-06-08 |
    | Brave New World        | Aldous Huxley       | 1932-08-31 |
    | Fahrenheit 451         | Ray Bradbury        | 1953-10-19 |
    | The Catcher in the Rye | J.D. Salinger       | 1951-07-16 |
    | Animal Farm            | George Orwell       | 1945-08-17 |
    | The Great Gatsby       | F. Scott Fitzgerald | 1925-04-10 |
    | To Kill a Mockingbird  | Harper Lee          | 1960-07-11 |
    | Moby-Dick              | Herman Melville     | 1851-11-14 |
    | Pride and Prejudice    | Jane Austen         | 1813-01-28 |
    | 1984 Redux             | George Orwell       | 2020-11-05 |
  &amp#27;[32mWhen &amp#27;[0m&amp#27;[32mthe customer searches for books by title &amp#27;[0m&amp#27;[32m&amp#27;[1m"1984"&amp#27;[0m &amp#27;[90m# org.deti.ua.pt.LibrarySteps.the_customer_searches_for_books_by_title(java.lang.String)&amp#27;[0m
  &amp#27;[32mThen &amp#27;[0m&amp#27;[32mthe following books should be found:&amp#27;[0m            &amp#27;[90m# org.deti.ua.pt.LibrarySteps.the_following_books_should_be_found(io.cucumber.datatable.DataTable)&amp#27;[0m
    | title      | published  |
    | 1984       | 1949-06-08 |
    | 1984 Redux | 2020-11-05 |
]]></system-out>
  </testcase>
  <testcase name="Book Search - Find books published between two dates" classname="Book Search" time="0.008">
    <system-out><![CDATA[
Scenario: Find books published between two dates                                       &amp#27;[90m# org/deti/ua/pt/books.feature:41&amp#27;[0m
  &amp#27;[32mGiven &amp#27;[0m&amp#27;[32mthe following were added to the library:&amp#27;[0m                                       &amp#27;[90m# org.deti.ua.pt.LibrarySteps.the_following_books_were_added(io.cucumber.datatable.DataTable)&amp#27;[0m
    | title                  | author              | published  |
    | The Hobbit             | J.R.R. Tolkien      | 1937-09-21 |
    | The Silmarillion       | J.R.R. Tolkien      | 1977-09-15 |
    | 1984                   | George Orwell       | 1949-06-08 |
    | Brave New World        | Aldous Huxley       | 1932-08-31 |
    | Fahrenheit 451         | Ray Bradbury        | 1953-10-19 |
    | The Catcher in the Rye | J.D. Salinger       | 1951-07-16 |
    | Animal Farm            | George Orwell       | 1945-08-17 |
    | The Great Gatsby       | F. Scott Fitzgerald | 1925-04-10 |
    | To Kill a Mockingbird  | Harper Lee          | 1960-07-11 |
    | Moby-Dick              | Herman Melville     | 1851-11-14 |
    | Pride and Prejudice    | Jane Austen         | 1813-01-28 |
    | 1984 Redux             | George Orwell       | 2020-11-05 |
  &amp#27;[32mWhen &amp#27;[0m&amp#27;[32mthe customer searches for books published between &amp#27;[0m&amp#27;[32m&amp#27;[1m"1930-01-01"&amp#27;[0m&amp#27;[32m and &amp#27;[0m&amp#27;[32m&amp#27;[1m"1950-12-31"&amp#27;[0m &amp#27;[90m# org.deti.ua.pt.LibrarySteps.the_customer_searches_for_books_published_between(java.lang.String,java.lang.String)&amp#27;[0m
  &amp#27;[32mThen &amp#27;[0m&amp#27;[32mthe following books should be found:&amp#27;[0m                                            &amp#27;[90m# org.deti.ua.pt.LibrarySteps.the_following_books_should_be_found(io.cucumber.datatable.DataTable)&amp#27;[0m
    | title           | published  |
    | The Hobbit      | 1937-09-21 |
    | 1984            | 1949-06-08 |
    | Brave New World | 1932-08-31 |
    | Animal Farm     | 1945-08-17 |
]]></system-out>
  </testcase>
  <testcase name="Book Search - Find books published in a specific year" classname="Book Search" time="0.006">
    <system-out><![CDATA[
Scenario: Find books published in a specific year        &amp#27;[90m# org/deti/ua/pt/books.feature:50&amp#27;[0m
  &amp#27;[32mGiven &amp#27;[0m&amp#27;[32mthe following were added to the library:&amp#27;[0m         &amp#27;[90m# org.deti.ua.pt.LibrarySteps.the_following_books_were_added(io.cucumber.datatable.DataTable)&amp#27;[0m
    | title                  | author              | published  |
    | The Hobbit             | J.R.R. Tolkien      | 1937-09-21 |
    | The Silmarillion       | J.R.R. Tolkien      | 1977-09-15 |
    | 1984                   | George Orwell       | 1949-06-08 |
    | Brave New World        | Aldous Huxley       | 1932-08-31 |
    | Fahrenheit 451         | Ray Bradbury        | 1953-10-19 |
    | The Catcher in the Rye | J.D. Salinger       | 1951-07-16 |
    | Animal Farm            | George Orwell       | 1945-08-17 |
    | The Great Gatsby       | F. Scott Fitzgerald | 1925-04-10 |
    | To Kill a Mockingbird  | Harper Lee          | 1960-07-11 |
    | Moby-Dick              | Herman Melville     | 1851-11-14 |
    | Pride and Prejudice    | Jane Austen         | 1813-01-28 |
    | 1984 Redux             | George Orwell       | 2020-11-05 |
  &amp#27;[32mWhen &amp#27;[0m&amp#27;[32mthe customer searches for books published in &amp#27;[0m&amp#27;[32m&amp#27;[1m1949&amp#27;[0m &amp#27;[90m# org.deti.ua.pt.LibrarySteps.the_customer_searches_for_books_published_in(java.lang.Integer)&amp#27;[0m
  &amp#27;[32mThen &amp#27;[0m&amp#27;[32mthe following books should be found:&amp#27;[0m              &amp#27;[90m# org.deti.ua.pt.LibrarySteps.the_following_books_should_be_found(io.cucumber.datatable.DataTable)&amp#27;[0m
    | title | published  |
    | 1984  | 1949-06-08 |
]]></system-out>
  </testcase>
</testsuite>