<?xml version="1.0" encoding="UTF-8"?>
<testsuite xmlns:xsi="http://www.w3.org/2001/XMLSchema-instance" xsi:noNamespaceSchemaLocation="https://maven.apache.org/surefire/maven-failsafe-plugin/xsd/failsafe-test-report.xsd" version="3.0.2" name="org.tqs.deti.ua.ProductFinderServiceIT" time="0.647" tests="2" errors="0" skipped="0" failures="0">
  <properties>
[...]
</properties>
  <testcase name="testFindProductDetails_InvalidId" classname="org.tqs.deti.ua.ProductFinderServiceIT" time="0.489"/>
  <testcase name="testFindProductDetails_ValidId" classname="org.tqs.deti.ua.ProductFinderServiceIT" time="0.14"/>
</testsuite>