<?xml version="1.0" encoding="UTF-8"?>
<testsuite xmlns:xsi="http://www.w3.org/2001/XMLSchema-instance" xsi:noNamespaceSchemaLocation="https://maven.apache.org/surefire/maven-surefire-plugin/xsd/surefire-test-report-3.0.xsd" version="3.0" name="org.deti.ua.pt.CucumberTest" time="0.197" tests="10" errors="0" skipped="0" failures="0">
  <properties>
[...]
</properties>
  <testcase name="Basic Arithmetic - Addition" classname="Basic Arithmetic" time="0.107">
    <system-out><![CDATA[12:33:24.839 [main] DEBUG org.deti.ua.pt.CalculatorSteps -- Adding 4 and 5
12:33:24.845 [main] DEBUG org.deti.ua.pt.CalculatorSteps -- Result: 9.0 (expected 9.0)
]]></system-out>
  </testcase>
  <testcase name="Basic Arithmetic - Subtraction" classname="Basic Arithmetic" time="0.005">
    <system-out><![CDATA[12:33:24.856 [main] DEBUG org.deti.ua.pt.CalculatorSteps -- Subtracting 7 and 2
12:33:24.856 [main] DEBUG org.deti.ua.pt.CalculatorSteps -- Result: 5.0 (expected 5.0)
]]></system-out>
  </testcase>
  <testcase name="Basic Arithmetic - Multiplication" classname="Basic Arithmetic" time="0.005">
    <system-out><![CDATA[12:33:24.861 [main] DEBUG org.deti.ua.pt.CalculatorSteps -- Multiplying 6 by 3
12:33:24.862 [main] DEBUG org.deti.ua.pt.CalculatorSteps -- Result: 18.0 (expected 18.0)
]]></system-out>
  </testcase>
  <testcase name="Basic Arithmetic - Division" classname="Basic Arithmetic" time="0.004">
    <system-out><![CDATA[12:33:24.866 [main] DEBUG org.deti.ua.pt.CalculatorSteps -- Dividing 10 by 2
12:33:24.866 [main] DEBUG org.deti.ua.pt.CalculatorSteps -- Result: 5.0 (expected 5.0)
]]></system-out>
  </testcase>
  <testcase name="Basic Arithmetic - Division by zero" classname="Basic Arithmetic" time="0.004">
    <system-out><![CDATA[12:33:24.870 [main] DEBUG org.deti.ua.pt.CalculatorSteps -- Dividing 8 by 0
12:33:24.871 [main] DEBUG org.deti.ua.pt.CalculatorSteps -- Checking for an error result
]]></system-out>
  </testcase>
  <testcase name="Basic Arithmetic - Invalid operation" classname="Basic Arithmetic" time="0.004">
    <system-out><![CDATA[12:33:24.874 [main] DEBUG org.deti.ua.pt.CalculatorSteps -- Performing invalid operation with 4 and 2
12:33:24.875 [main] DEBUG org.deti.ua.pt.CalculatorSteps -- Checking for an error result
]]></system-out>
  </testcase>
  <testcase name="Basic Arithmetic - Several calculations - Various calculations - Example #1.1" classname="Basic Arithmetic - Several calculations - Various calculations" time="0.003">
    <system-out><![CDATA[12:33:24.878 [main] DEBUG org.deti.ua.pt.CalculatorSteps -- Adding 1 and 2
12:33:24.879 [main] DEBUG org.deti.ua.pt.CalculatorSteps -- Result: 3.0 (expected 3.0)
]]></system-out>
  </testcase>
  <testcase name="Basic Arithmetic - Several calculations - Various calculations - Example #1.2" classname="Basic Arithmetic - Several calculations - Various calculations" time="0.004">
    <system-out><![CDATA[12:33:24.882 [main] DEBUG org.deti.ua.pt.CalculatorSteps -- Subtracting 9 and 4
12:33:24.882 [main] DEBUG org.deti.ua.pt.CalculatorSteps -- Result: 5.0 (expected 5.0)
]]></system-out>
  </testcase>
  <testcase name="Basic Arithmetic - Several calculations - Various calculations - Example #1.3" classname="Basic Arithmetic - Several calculations - Various calculations" time="0.004">
    <system-out><![CDATA[12:33:24.886 [main] DEBUG org.deti.ua.pt.CalculatorSteps -- Multiplying 2 by 3
12:33:24.886 [main] DEBUG org.deti.ua.pt.CalculatorSteps -- Result: 6.0 (expected 6.0)
]]></system-out>
  </testcase>
  <testcase name="Basic Arithmetic - Several calculations - Various calculations - Example #1.4" classname="Basic Arithmetic - Several calculations - Various calculations" time="0.003">
    <system-out><![CDATA[12:33:24.889 [main] DEBUG org.deti.ua.pt.CalculatorSteps -- Dividing 8 by 4
12:33:24.889 [main] DEBUG org.deti.ua.pt.CalculatorSteps -- Result: 2.0 (expected 2.0)
]]></system-out>
  </testcase>
</testsuite>