<?xml version="1.0" encoding="UTF-8"?>
<testsuite xmlns:xsi="http://www.w3.org/2001/XMLSchema-instance" xsi:noNamespaceSchemaLocation="https://maven.apache.org/surefire/maven-surefire-plugin/xsd/surefire-test-report-3.0.xsd" version="3.0" name="org.deti.ua.pt.CucumberTest" time="24.854" tests="4" errors="2" skipped="0" failures="0">
  <properties>
[...]
</properties>
  <testcase name="Search functionality on the online library - Search for a book by title" classname="Search functionality on the online library" time="4.905">
    <system-out><![CDATA[
Scenario: Search for a book by title                                         &amp#27;[90m# org/deti/ua/pt/cover.feature:3&amp#27;[0m
16:49:04.739 [main] DEBUG io.github.bonigarcia.wdm.WebDriverManager -- Using WebDriverManager 5.9.3
16:49:04.965 [main] DEBUG io.github.bonigarcia.wdm.cache.ResolutionCache -- Resolution chrome=134 in cache (valid until 16:55:33 14/03/2025 WET)
16:49:04.966 [main] DEBUG io.github.bonigarcia.wdm.cache.ResolutionCache -- Resolution chrome134=134.0.6998.88 in cache (valid until 17:09:50 14/03/2025 WET)
16:49:04.966 [main] INFO io.github.bonigarcia.wdm.WebDriverManager -- Using chromedriver 134.0.6998.88 (resolved driver for Chrome 134)
16:49:04.979 [main] DEBUG io.github.bonigarcia.wdm.WebDriverManager -- Driver chromedriver 134.0.6998.88 found in cache
16:49:04.979 [main] INFO io.github.bonigarcia.wdm.WebDriverManager -- Exporting webdriver.chrome.driver as /home/joaoneto/.cache/selenium/chromedriver/linux64/134.0.6998.88/chromedriver
  &amp#27;[32mGiven &amp#27;[0m&amp#27;[32mI am on the library homepage&amp#27;[0m                                         &amp#27;[90m# org.deti.ua.pt.CoverSteps.iAmOnTheLibraryHomepage()&amp#27;[0m
  &amp#27;[32mWhen &amp#27;[0m&amp#27;[32mI enter &amp#27;[0m&amp#27;[32m&amp#27;[1m"Harry Potter"&amp#27;[0m&amp#27;[32m in the search bar&amp#27;[0m                              &amp#27;[90m# org.deti.ua.pt.CoverSteps.iEnterInTheSearchBar(java.lang.String)&amp#27;[0m
  &amp#27;[32mAnd &amp#27;[0m&amp#27;[32mI click the search button&amp#27;[0m                                              &amp#27;[90m# org.deti.ua.pt.CoverSteps.iClickTheSearchButton()&amp#27;[0m
  &amp#27;[32mThen &amp#27;[0m&amp#27;[32mI should see a list of &amp#27;[0m&amp#27;[32m&amp#27;[1m1&amp#27;[0m&amp#27;[32m book&amp#27;[0m                                         &amp#27;[90m# org.deti.ua.pt.CoverSteps.iShouldSeeAListOfBooks(int)&amp#27;[0m
  &amp#27;[32mAnd &amp#27;[0m&amp#27;[32mthe book should have the title &amp#27;[0m&amp#27;[32m&amp#27;[1m"Harry Potter and the Sorcerer's Stone"&amp#27;[0m &amp#27;[90m# org.deti.ua.pt.CoverSteps.theBookShouldHaveTheTitle(java.lang.String)&amp#27;[0m
]]></system-out>
    <system-err><![CDATA[mar. 14, 2025 4:49:05 DA TARDE org.openqa.selenium.devtools.CdpVersionFinder findNearestMatch
WARNING: Unable to find an exact match for CDP version 134, returning the closest version; found: 133; Please update to a Selenium version that supports CDP version 134
]]></system-err>
  </testcase>
  <testcase name="Search functionality on the online library - Search for a book by author" classname="Search functionality on the online library" time="3.22">
    <system-out><![CDATA[
Scenario: Search for a book by author                      &amp#27;[90m# org/deti/ua/pt/cover.feature:10&amp#27;[0m
16:49:09.552 [main] DEBUG io.github.bonigarcia.wdm.WebDriverManager -- Using WebDriverManager 5.9.3
16:49:09.556 [main] DEBUG io.github.bonigarcia.wdm.cache.ResolutionCache -- Resolution chrome=134 in cache (valid until 16:55:33 14/03/2025 WET)
16:49:09.557 [main] DEBUG io.github.bonigarcia.wdm.cache.ResolutionCache -- Resolution chrome134=134.0.6998.88 in cache (valid until 17:09:50 14/03/2025 WET)
16:49:09.557 [main] INFO io.github.bonigarcia.wdm.WebDriverManager -- Using chromedriver 134.0.6998.88 (resolved driver for Chrome 134)
16:49:09.560 [main] DEBUG io.github.bonigarcia.wdm.WebDriverManager -- Driver chromedriver 134.0.6998.88 found in cache
16:49:09.561 [main] INFO io.github.bonigarcia.wdm.WebDriverManager -- Exporting webdriver.chrome.driver as /home/joaoneto/.cache/selenium/chromedriver/linux64/134.0.6998.88/chromedriver
  &amp#27;[32mGiven &amp#27;[0m&amp#27;[32mI am on the library homepage&amp#27;[0m                       &amp#27;[90m# org.deti.ua.pt.CoverSteps.iAmOnTheLibraryHomepage()&amp#27;[0m
  &amp#27;[32mWhen &amp#27;[0m&amp#27;[32mI enter &amp#27;[0m&amp#27;[32m&amp#27;[1m"Rick Riordan"&amp#27;[0m&amp#27;[32m in the search bar&amp#27;[0m            &amp#27;[90m# org.deti.ua.pt.CoverSteps.iEnterInTheSearchBar(java.lang.String)&amp#27;[0m
  &amp#27;[32mAnd &amp#27;[0m&amp#27;[32mI click the search button&amp#27;[0m                            &amp#27;[90m# org.deti.ua.pt.CoverSteps.iClickTheSearchButton()&amp#27;[0m
  &amp#27;[32mThen &amp#27;[0m&amp#27;[32mI should see a list of &amp#27;[0m&amp#27;[32m&amp#27;[1m2&amp#27;[0m&amp#27;[32m books&amp#27;[0m                      &amp#27;[90m# org.deti.ua.pt.CoverSteps.iShouldSeeAListOfBooks(int)&amp#27;[0m
  &amp#27;[32mAnd &amp#27;[0m&amp#27;[32mthe book should have the title &amp#27;[0m&amp#27;[32m&amp#27;[1m"The Tower of Nero"&amp#27;[0m   &amp#27;[90m# org.deti.ua.pt.CoverSteps.theBookShouldHaveTheTitle(java.lang.String)&amp#27;[0m
  &amp#27;[32mAnd &amp#27;[0m&amp#27;[32mthe book should have the title &amp#27;[0m&amp#27;[32m&amp#27;[1m"The Lightning Thief"&amp#27;[0m &amp#27;[90m# org.deti.ua.pt.CoverSteps.theBookShouldHaveTheTitle(java.lang.String)&amp#27;[0m
]]></system-out>
    <system-err><![CDATA[mar. 14, 2025 4:49:09 DA TARDE org.openqa.selenium.devtools.CdpVersionFinder findNearestMatch
WARNING: Unable to find an exact match for CDP version 134, returning the closest version; found: 133; Please update to a Selenium version that supports CDP version 134
]]></system-err>
  </testcase>
  <testcase name="Search functionality on the online library - Search for a book with no results" classname="Search functionality on the online library" time="13.56">
    <error message="Expected condition failed: waiting for visibility of all elements located by By.cssSelector: .SearchList_searchBookCard__AnSAs (tried for 10 second(s) with 500 milliseconds interval)&#10;Build info: version: &apos;4.29.0&apos;, revision: &apos;5fc1ec94cb&apos;&#10;System info: os.name: &apos;Linux&apos;, os.arch: &apos;amd64&apos;, os.version: &apos;6.8.0-52-generic&apos;, java.version: &apos;21.0.6&apos;&#10;Driver info: org.openqa.selenium.chrome.ChromeDriver&#10;Capabilities {acceptInsecureCerts: false, browserName: chrome, browserVersion: 134.0.6998.35, chrome: {chromedriverVersion: 134.0.6998.88 (7e3d5c978c6d..., userDataDir: /tmp/.org.chromium.Chromium...}, fedcm:accounts: true, goog:chromeOptions: {debuggerAddress: localhost:41411}, networkConnectionEnabled: false, pageLoadStrategy: normal, platformName: linux, proxy: Proxy(), se:cdp: ws://localhost:41411/devtoo..., se:cdpVersion: 134.0.6998.35, setWindowRect: true, strictFileInteractability: false, timeouts: {implicit: 0, pageLoad: 300000, script: 30000}, unhandledPromptBehavior: dismiss and notify, webauthn:extension:credBlob: true, webauthn:extension:largeBlob: true, webauthn:extension:minPinLength: true, webauthn:extension:prf: true, webauthn:virtualAuthenticators: true}&#10;Session ID: d11d6969bd553542f51453dedfa9bf51" type="org.openqa.selenium.TimeoutException"><![CDATA[org.openqa.selenium.TimeoutException: 
Expected condition failed: waiting for visibility of all elements located by By.cssSelector: .SearchList_searchBookCard__AnSAs (tried for 10 second(s) with 500 milliseconds interval)
Build info: version: '4.29.0', revision: '5fc1ec94cb'
System info: os.name: 'Linux', os.arch: 'amd64', os.version: '6.8.0-52-generic', java.version: '21.0.6'
Driver info: org.openqa.selenium.chrome.ChromeDriver
Capabilities {acceptInsecureCerts: false, browserName: chrome, browserVersion: 134.0.6998.35, chrome: {chromedriverVersion: 134.0.6998.88 (7e3d5c978c6d..., userDataDir: /tmp/.org.chromium.Chromium...}, fedcm:accounts: true, goog:chromeOptions: {debuggerAddress: localhost:41411}, networkConnectionEnabled: false, pageLoadStrategy: normal, platformName: linux, proxy: Proxy(), se:cdp: ws://localhost:41411/devtoo..., se:cdpVersion: 134.0.6998.35, setWindowRect: true, strictFileInteractability: false, timeouts: {implicit: 0, pageLoad: 300000, script: 30000}, unhandledPromptBehavior: dismiss and notify, webauthn:extension:credBlob: true, webauthn:extension:largeBlob: true, webauthn:extension:minPinLength: true, webauthn:extension:prf: true, webauthn:virtualAuthenticators: true}
Session ID: d11d6969bd553542f51453dedfa9bf51
	at org.openqa.selenium.support.ui.WebDriverWait.timeoutException(WebDriverWait.java:84)
	at org.openqa.selenium.support.ui.FluentWait.until(FluentWait.java:228)
	at org.deti.ua.pt.CoverSteps.iShouldSeeAListOfBooks(CoverSteps.java:54)
	at ✽.I should see a list of 0 books(classpath:org/deti/ua/pt/cover.feature:22)
]]></error>
    <system-out><![CDATA[
Scenario: Search for a book with no results           &amp#27;[90m# org/deti/ua/pt/cover.feature:18&amp#27;[0m
16:49:12.772 [main] DEBUG io.github.bonigarcia.wdm.WebDriverManager -- Using WebDriverManager 5.9.3
16:49:12.777 [main] DEBUG io.github.bonigarcia.wdm.cache.ResolutionCache -- Resolution chrome=134 in cache (valid until 16:55:33 14/03/2025 WET)
16:49:12.777 [main] DEBUG io.github.bonigarcia.wdm.cache.ResolutionCache -- Resolution chrome134=134.0.6998.88 in cache (valid until 17:09:50 14/03/2025 WET)
16:49:12.777 [main] INFO io.github.bonigarcia.wdm.WebDriverManager -- Using chromedriver 134.0.6998.88 (resolved driver for Chrome 134)
16:49:12.780 [main] DEBUG io.github.bonigarcia.wdm.WebDriverManager -- Driver chromedriver 134.0.6998.88 found in cache
16:49:12.781 [main] INFO io.github.bonigarcia.wdm.WebDriverManager -- Exporting webdriver.chrome.driver as /home/joaoneto/.cache/selenium/chromedriver/linux64/134.0.6998.88/chromedriver
  &amp#27;[32mGiven &amp#27;[0m&amp#27;[32mI am on the library homepage&amp#27;[0m                  &amp#27;[90m# org.deti.ua.pt.CoverSteps.iAmOnTheLibraryHomepage()&amp#27;[0m
  &amp#27;[32mWhen &amp#27;[0m&amp#27;[32mI enter &amp#27;[0m&amp#27;[32m&amp#27;[1m"Unknown Book Title"&amp#27;[0m&amp#27;[32m in the search bar&amp#27;[0m &amp#27;[90m# org.deti.ua.pt.CoverSteps.iEnterInTheSearchBar(java.lang.String)&amp#27;[0m
  &amp#27;[32mAnd &amp#27;[0m&amp#27;[32mI click the search button&amp#27;[0m                       &amp#27;[90m# org.deti.ua.pt.CoverSteps.iClickTheSearchButton()&amp#27;[0m
  &amp#27;[31mThen &amp#27;[0m&amp#27;[31mI should see a list of &amp#27;[0m&amp#27;[31m&amp#27;[1m0&amp#27;[0m&amp#27;[31m books&amp#27;[0m                 &amp#27;[90m# org.deti.ua.pt.CoverSteps.iShouldSeeAListOfBooks(int)&amp#27;[0m
      &amp#27;[31morg.openqa.selenium.TimeoutException: Expected condition failed: waiting for visibility of all elements located by By.cssSelector: .SearchList_searchBookCard__AnSAs (tried for 10 second(s) with 500 milliseconds interval)
      Build info: version: '4.29.0', revision: '5fc1ec94cb'
      System info: os.name: 'Linux', os.arch: 'amd64', os.version: '6.8.0-52-generic', java.version: '21.0.6'
      Driver info: org.openqa.selenium.chrome.ChromeDriver
      Capabilities {acceptInsecureCerts: false, browserName: chrome, browserVersion: 134.0.6998.35, chrome: {chromedriverVersion: 134.0.6998.88 (7e3d5c978c6d..., userDataDir: /tmp/.org.chromium.Chromium...}, fedcm:accounts: true, goog:chromeOptions: {debuggerAddress: localhost:41411}, networkConnectionEnabled: false, pageLoadStrategy: normal, platformName: linux, proxy: Proxy(), se:cdp: ws://localhost:41411/devtoo..., se:cdpVersion: 134.0.6998.35, setWindowRect: true, strictFileInteractability: false, timeouts: {implicit: 0, pageLoad: 300000, script: 30000}, unhandledPromptBehavior: dismiss and notify, webauthn:extension:credBlob: true, webauthn:extension:largeBlob: true, webauthn:extension:minPinLength: true, webauthn:extension:prf: true, webauthn:virtualAuthenticators: true}
      Session ID: d11d6969bd553542f51453dedfa9bf51
      	at org.openqa.selenium.support.ui.WebDriverWait.timeoutException(WebDriverWait.java:84)
      	at org.openqa.selenium.support.ui.FluentWait.until(FluentWait.java:228)
      	at org.deti.ua.pt.CoverSteps.iShouldSeeAListOfBooks(CoverSteps.java:54)
      	at ✽.I should see a list of 0 books(classpath:org/deti/ua/pt/cover.feature:22)&amp#27;[0m
]]></system-out>
    <system-err><![CDATA[mar. 14, 2025 4:49:13 DA TARDE org.openqa.selenium.devtools.CdpVersionFinder findNearestMatch
WARNING: Unable to find an exact match for CDP version 134, returning the closest version; found: 133; Please update to a Selenium version that supports CDP version 134
]]></system-err>
  </testcase>
  <testcase name="Search functionality on the online library - Filter books by category" classname="Search functionality on the online library" time="3.114">
    <error message="no such element: Unable to locate element: {&quot;method&quot;:&quot;link text&quot;,&quot;selector&quot;:&quot;Fiction&quot;}&#10;  (Session info: chrome=134.0.6998.35)&#10;For documentation on this error, please visit: https://www.selenium.dev/documentation/webdriver/troubleshooting/errors#no-such-element-exception&#10;Build info: version: &apos;4.29.0&apos;, revision: &apos;5fc1ec94cb&apos;&#10;System info: os.name: &apos;Linux&apos;, os.arch: &apos;amd64&apos;, os.version: &apos;6.8.0-52-generic&apos;, java.version: &apos;21.0.6&apos;&#10;Driver info: org.openqa.selenium.chrome.ChromeDriver&#10;Command: [fb07a4ef5d0603fa866cd800ef16d138, findElement {using=link text, value=Fiction}]&#10;Capabilities {acceptInsecureCerts: false, browserName: chrome, browserVersion: 134.0.6998.35, chrome: {chromedriverVersion: 134.0.6998.88 (7e3d5c978c6d..., userDataDir: /tmp/.org.chromium.Chromium...}, fedcm:accounts: true, goog:chromeOptions: {debuggerAddress: localhost:34505}, networkConnectionEnabled: false, pageLoadStrategy: normal, platformName: linux, proxy: Proxy(), se:cdp: ws://localhost:34505/devtoo..., se:cdpVersion: 134.0.6998.35, setWindowRect: true, strictFileInteractability: false, timeouts: {implicit: 0, pageLoad: 300000, script: 30000}, unhandledPromptBehavior: dismiss and notify, webauthn:extension:credBlob: true, webauthn:extension:largeBlob: true, webauthn:extension:minPinLength: true, webauthn:extension:prf: true, webauthn:virtualAuthenticators: true}&#10;Session ID: fb07a4ef5d0603fa866cd800ef16d138" type="org.openqa.selenium.NoSuchElementException"><![CDATA[org.openqa.selenium.NoSuchElementException: 
no such element: Unable to locate element: {"method":"link text","selector":"Fiction"}
  (Session info: chrome=134.0.6998.35)
For documentation on this error, please visit: https://www.selenium.dev/documentation/webdriver/troubleshooting/errors#no-such-element-exception
Build info: version: '4.29.0', revision: '5fc1ec94cb'
System info: os.name: 'Linux', os.arch: 'amd64', os.version: '6.8.0-52-generic', java.version: '21.0.6'
Driver info: org.openqa.selenium.chrome.ChromeDriver
Command: [fb07a4ef5d0603fa866cd800ef16d138, findElement {using=link text, value=Fiction}]
Capabilities {acceptInsecureCerts: false, browserName: chrome, browserVersion: 134.0.6998.35, chrome: {chromedriverVersion: 134.0.6998.88 (7e3d5c978c6d..., userDataDir: /tmp/.org.chromium.Chromium...}, fedcm:accounts: true, goog:chromeOptions: {debuggerAddress: localhost:34505}, networkConnectionEnabled: false, pageLoadStrategy: normal, platformName: linux, proxy: Proxy(), se:cdp: ws://localhost:34505/devtoo..., se:cdpVersion: 134.0.6998.35, setWindowRect: true, strictFileInteractability: false, timeouts: {implicit: 0, pageLoad: 300000, script: 30000}, unhandledPromptBehavior: dismiss and notify, webauthn:extension:credBlob: true, webauthn:extension:largeBlob: true, webauthn:extension:minPinLength: true, webauthn:extension:prf: true, webauthn:virtualAuthenticators: true}
Session ID: fb07a4ef5d0603fa866cd800ef16d138
	at java.base/java.lang.reflect.Constructor.newInstanceWithCaller(Constructor.java:502)
	at java.base/java.lang.reflect.Constructor.newInstance(Constructor.java:486)
	at org.openqa.selenium.remote.ErrorCodec.decode(ErrorCodec.java:167)
	at org.openqa.selenium.remote.codec.w3c.W3CHttpResponseCodec.decode(W3CHttpResponseCodec.java:138)
	at org.openqa.selenium.remote.codec.w3c.W3CHttpResponseCodec.decode(W3CHttpResponseCodec.java:50)
	at org.openqa.selenium.remote.HttpCommandExecutor.execute(HttpCommandExecutor.java:215)
	at org.openqa.selenium.remote.service.DriverCommandExecutor.invokeExecute(DriverCommandExecutor.java:216)
	at org.openqa.selenium.remote.service.DriverCommandExecutor.execute(DriverCommandExecutor.java:174)
	at org.openqa.selenium.remote.RemoteWebDriver.execute(RemoteWebDriver.java:545)
	at org.openqa.selenium.remote.ElementLocation$ElementFinder$2.findElement(ElementLocation.java:165)
	at org.openqa.selenium.remote.ElementLocation.findElement(ElementLocation.java:59)
	at org.openqa.selenium.remote.RemoteWebDriver.findElement(RemoteWebDriver.java:368)
	at org.openqa.selenium.remote.RemoteWebDriver.findElement(RemoteWebDriver.java:362)
	at org.deti.ua.pt.CoverSteps.iClickOnCategoryInTheFilter(CoverSteps.java:71)
	at ✽.I click on "Fiction" in the category filter(classpath:org/deti/ua/pt/cover.feature:26)
]]></error>
    <system-out><![CDATA[
Scenario: Filter books by category                 &amp#27;[90m# org/deti/ua/pt/cover.feature:24&amp#27;[0m
16:49:26.334 [main] DEBUG io.github.bonigarcia.wdm.WebDriverManager -- Using WebDriverManager 5.9.3
16:49:26.339 [main] DEBUG io.github.bonigarcia.wdm.cache.ResolutionCache -- Resolution chrome=134 in cache (valid until 16:55:33 14/03/2025 WET)
16:49:26.339 [main] DEBUG io.github.bonigarcia.wdm.cache.ResolutionCache -- Resolution chrome134=134.0.6998.88 in cache (valid until 17:09:50 14/03/2025 WET)
16:49:26.339 [main] INFO io.github.bonigarcia.wdm.WebDriverManager -- Using chromedriver 134.0.6998.88 (resolved driver for Chrome 134)
16:49:26.341 [main] DEBUG io.github.bonigarcia.wdm.WebDriverManager -- Driver chromedriver 134.0.6998.88 found in cache
16:49:26.342 [main] INFO io.github.bonigarcia.wdm.WebDriverManager -- Exporting webdriver.chrome.driver as /home/joaoneto/.cache/selenium/chromedriver/linux64/134.0.6998.88/chromedriver
  &amp#27;[32mGiven &amp#27;[0m&amp#27;[32mI am on the library homepage&amp#27;[0m               &amp#27;[90m# org.deti.ua.pt.CoverSteps.iAmOnTheLibraryHomepage()&amp#27;[0m
  &amp#27;[31mWhen &amp#27;[0m&amp#27;[31mI click on &amp#27;[0m&amp#27;[31m&amp#27;[1m"Fiction"&amp#27;[0m&amp#27;[31m in the category filter&amp#27;[0m &amp#27;[90m# org.deti.ua.pt.CoverSteps.iClickOnCategoryInTheFilter(java.lang.String)&amp#27;[0m
      &amp#27;[31morg.openqa.selenium.NoSuchElementException: no such element: Unable to locate element: {"method":"link text","selector":"Fiction"}
        (Session info: chrome=134.0.6998.35)
      For documentation on this error, please visit: https://www.selenium.dev/documentation/webdriver/troubleshooting/errors#no-such-element-exception
      Build info: version: '4.29.0', revision: '5fc1ec94cb'
      System info: os.name: 'Linux', os.arch: 'amd64', os.version: '6.8.0-52-generic', java.version: '21.0.6'
      Driver info: org.openqa.selenium.chrome.ChromeDriver
      Command: [fb07a4ef5d0603fa866cd800ef16d138, findElement {using=link text, value=Fiction}]
      Capabilities {acceptInsecureCerts: false, browserName: chrome, browserVersion: 134.0.6998.35, chrome: {chromedriverVersion: 134.0.6998.88 (7e3d5c978c6d..., userDataDir: /tmp/.org.chromium.Chromium...}, fedcm:accounts: true, goog:chromeOptions: {debuggerAddress: localhost:34505}, networkConnectionEnabled: false, pageLoadStrategy: normal, platformName: linux, proxy: Proxy(), se:cdp: ws://localhost:34505/devtoo..., se:cdpVersion: 134.0.6998.35, setWindowRect: true, strictFileInteractability: false, timeouts: {implicit: 0, pageLoad: 300000, script: 30000}, unhandledPromptBehavior: dismiss and notify, webauthn:extension:credBlob: true, webauthn:extension:largeBlob: true, webauthn:extension:minPinLength: true, webauthn:extension:prf: true, webauthn:virtualAuthenticators: true}
      Session ID: fb07a4ef5d0603fa866cd800ef16d138
      	at java.base/jdk.internal.reflect.DirectConstructorHandleAccessor.newInstance(DirectConstructorHandleAccessor.java:62)
      	at java.base/java.lang.reflect.Constructor.newInstanceWithCaller(Constructor.java:502)
      	at java.base/java.lang.reflect.Constructor.newInstance(Constructor.java:486)
      	at org.openqa.selenium.remote.ErrorCodec.decode(ErrorCodec.java:167)
      	at org.openqa.selenium.remote.codec.w3c.W3CHttpResponseCodec.decode(W3CHttpResponseCodec.java:138)
      	at org.openqa.selenium.remote.codec.w3c.W3CHttpResponseCodec.decode(W3CHttpResponseCodec.java:50)
      	at org.openqa.selenium.remote.HttpCommandExecutor.execute(HttpCommandExecutor.java:215)
      	at org.openqa.selenium.remote.service.DriverCommandExecutor.invokeExecute(DriverCommandExecutor.java:216)
      	at org.openqa.selenium.remote.service.DriverCommandExecutor.execute(DriverCommandExecutor.java:174)
      	at org.openqa.selenium.remote.RemoteWebDriver.execute(RemoteWebDriver.java:545)
      	at org.openqa.selenium.remote.ElementLocation$ElementFinder$2.findElement(ElementLocation.java:165)
      	at org.openqa.selenium.remote.ElementLocation.findElement(ElementLocation.java:59)
      	at org.openqa.selenium.remote.RemoteWebDriver.findElement(RemoteWebDriver.java:368)
      	at org.openqa.selenium.remote.RemoteWebDriver.findElement(RemoteWebDriver.java:362)
      	at org.deti.ua.pt.CoverSteps.iClickOnCategoryInTheFilter(CoverSteps.java:71)
      	at ✽.I click on "Fiction" in the category filter(classpath:org/deti/ua/pt/cover.feature:26)&amp#27;[0m
  &amp#27;[36mThen &amp#27;[0m&amp#27;[36mI should see a list of &amp#27;[0m&amp#27;[36m&amp#27;[1m3&amp#27;[0m&amp#27;[36m books&amp#27;[0m              &amp#27;[90m# org.deti.ua.pt.CoverSteps.iShouldSeeAListOfBooks(int)&amp#27;[0m
]]></system-out>
    <system-err><![CDATA[mar. 14, 2025 4:49:26 DA TARDE org.openqa.selenium.devtools.CdpVersionFinder findNearestMatch
WARNING: Unable to find an exact match for CDP version 134, returning the closest version; found: 133; Please update to a Selenium version that supports CDP version 134
]]></system-err>
  </testcase>
</testsuite>